Performing C++ SOURCE FILE Test HAVE_CXX_FLAG_WSHORTEN_64_TO_32 failed with the following output:
Change Dir: C:/Users/mohamed hussein/CLionProjects/Login Application/cmake-build-debug/CMakeFiles/CMakeTmp

Run Build Command(s):C:/PROGRA~1/JETBRA~1/CLION2~1.3/bin/ninja/win/ninja.exe cmTC_443ee && [1/2] Building CXX object CMakeFiles/cmTC_443ee.dir/src.cxx.obj
[31mFAILED: [0mCMakeFiles/cmTC_443ee.dir/src.cxx.obj 
C:\PROGRA~1\JETBRA~1\CLION2~1.3\bin\mingw\bin\G__~1.EXE -DHAVE_CXX_FLAG_WSHORTEN_64_TO_32  -std=c++11  -Wall  -Wextra  -Wshadow  -Wsuggest-override  -pedantic  -pedantic-errors  -Wshorten-64-to-32   -Wshorten-64-to-32 -std=c++17 -o CMakeFiles/cmTC_443ee.dir/src.cxx.obj -c "C:/Users/mohamed hussein/CLionProjects/Login Application/cmake-build-debug/CMakeFiles/CMakeTmp/src.cxx"
G__~1.EXE: error: unrecognized command-line option '-Wshorten-64-to-32'
G__~1.EXE: error: unrecognized command-line option '-Wshorten-64-to-32'
ninja: build stopped: subcommand failed.


Source file was:
int main() { return 0; }
Performing C++ SOURCE FILE Test HAVE_CXX_FLAG_WD654 failed with the following output:
Change Dir: C:/Users/mohamed hussein/CLionProjects/Login Application/cmake-build-debug/CMakeFiles/CMakeTmp

Run Build Command(s):C:/PROGRA~1/JETBRA~1/CLION2~1.3/bin/ninja/win/ninja.exe cmTC_38252 && [1/2] Building CXX object CMakeFiles/cmTC_38252.dir/src.cxx.obj
[31mFAILED: [0mCMakeFiles/cmTC_38252.dir/src.cxx.obj 
C:\PROGRA~1\JETBRA~1\CLION2~1.3\bin\mingw\bin\G__~1.EXE -DHAVE_CXX_FLAG_WD654  -std=c++11  -Wall  -Wextra  -Wshadow  -Wsuggest-override  -pedantic  -pedantic-errors  -fstrict-aliasing  -Wno-deprecated-declarations  -Wstrict-aliasing  -wd654   -wd654 -std=c++17 -o CMakeFiles/cmTC_38252.dir/src.cxx.obj -c "C:/Users/mohamed hussein/CLionProjects/Login Application/cmake-build-debug/CMakeFiles/CMakeTmp/src.cxx"
G__~1.EXE: error: unrecognized command-line option '-wd654'
G__~1.EXE: error: unrecognized command-line option '-wd654'
ninja: build stopped: subcommand failed.


Source file was:
int main() { return 0; }
Performing C++ SOURCE FILE Test HAVE_CXX_FLAG_WTHREAD_SAFETY failed with the following output:
Change Dir: C:/Users/mohamed hussein/CLionProjects/Login Application/cmake-build-debug/CMakeFiles/CMakeTmp

Run Build Command(s):C:/PROGRA~1/JETBRA~1/CLION2~1.3/bin/ninja/win/ninja.exe cmTC_47e28 && [1/2] Building CXX object CMakeFiles/cmTC_47e28.dir/src.cxx.obj
[31mFAILED: [0mCMakeFiles/cmTC_47e28.dir/src.cxx.obj 
C:\PROGRA~1\JETBRA~1\CLION2~1.3\bin\mingw\bin\G__~1.EXE -DHAVE_CXX_FLAG_WTHREAD_SAFETY  -std=c++11  -Wall  -Wextra  -Wshadow  -Wsuggest-override  -pedantic  -pedantic-errors  -fstrict-aliasing  -Wno-deprecated-declarations  -Wstrict-aliasing  -Wthread-safety   -Wthread-safety -std=c++17 -o CMakeFiles/cmTC_47e28.dir/src.cxx.obj -c "C:/Users/mohamed hussein/CLionProjects/Login Application/cmake-build-debug/CMakeFiles/CMakeTmp/src.cxx"
G__~1.EXE: error: unrecognized command-line option '-Wthread-safety'
G__~1.EXE: error: unrecognized command-line option '-Wthread-safety'
ninja: build stopped: subcommand failed.


Source file was:
int main() { return 0; }
